<?xml version="1.0" encoding="UTF-8"?>
<testng-results ignored="0" total="2" passed="2" failed="0" skipped="0">
  <reporter-output>
  </reporter-output>
  <suite started-at="2025-07-16T01:16:22 IST" name="Default suite" finished-at="2025-07-16T01:16:26 IST" duration-ms="3801">
    <groups>
    </groups>
    <test started-at="2025-07-16T01:16:22 IST" name="Default test" finished-at="2025-07-16T01:16:26 IST" duration-ms="3801">
      <class name="testCase.TC002_AddCart">
        <test-method is-config="true" signature="setup()[pri:0, instance:testCase.TC002_AddCart@24313fcc]" started-at="2025-07-16T01:16:22 IST" name="setup" finished-at="2025-07-16T01:16:25 IST" duration-ms="2547" status="PASS">
          <reporter-output>
          </reporter-output>
        </test-method> <!-- setup -->
        <test-method signature="verify_login()[pri:0, instance:testCase.TC002_AddCart@24313fcc]" started-at="2025-07-16T01:16:25 IST" name="verify_login" finished-at="2025-07-16T01:16:25 IST" duration-ms="426" status="PASS">
          <reporter-output>
          </reporter-output>
        </test-method> <!-- verify_login -->
        <test-method signature="Verify_addCart()[pri:0, instance:testCase.TC002_AddCart@24313fcc]" started-at="2025-07-16T01:16:25 IST" name="Verify_addCart" finished-at="2025-07-16T01:16:26 IST" duration-ms="471" status="PASS">
          <reporter-output>
          </reporter-output>
        </test-method> <!-- Verify_addCart -->
        <test-method is-config="true" signature="tearDown()[pri:0, instance:testCase.TC002_AddCart@24313fcc]" started-at="2025-07-16T01:16:26 IST" name="tearDown" finished-at="2025-07-16T01:16:26 IST" duration-ms="330" status="PASS">
          <reporter-output>
          </reporter-output>
        </test-method> <!-- tearDown -->
      </class> <!-- testCase.TC002_AddCart -->
    </test> <!-- Default test -->
  </suite> <!-- Default suite -->
</testng-results>
